info it worked if it ends with ok
verbose cli [ 'node', '/Users/nmanousos/.nvm/v0.6.12/bin/npm', 'publish' ]
info using npm@1.1.4
info using node@v0.6.12
verbose config file /Users/nmanousos/.npmrc
verbose config file /Users/nmanousos/.nvm/v0.6.12/etc/npmrc
verbose config file /Users/nmanousos/.nvm/v0.6.12/lib/node_modules/npm/npmrc
verbose publish [ '.' ]
verbose caching /Users/nmanousos/Documents/email-existence/package.json
verbose loadDefaults email-existence@0.1.0
info prepublish email-existence@0.1.0
verbose cache add [ '.', null ]
silly cache add: name, spec, args [ undefined, '.', [ '.', null ] ]
verbose parsed url { pathname: '.', path: '.', href: '.' }
verbose caching package.json
verbose loadDefaults email-existence@0.1.0
verbose pack /Users/nmanousos/Documents/email-existence
verbose pack /Users/nmanousos/Documents/email-existence /var/folders/_w/m2hym3591sn2j_rpl4nhpdv00000gn/T/npm-1331265203769/1331265203769-0.025946585461497307/tmp.tgz
silly makeList /Users/nmanousos/Documents/email-existence
silly dir, dirLen [ '/Users/nmanousos/Documents/email-existence', 43 ]
verbose tarball /var/folders/_w/m2hym3591sn2j_rpl4nhpdv00000gn/T/npm-1331265203769/1331265203769-0.025946585461497307/tmp.tgz
verbose parent /Users/nmanousos/Documents/email-existence
verbose mkdir (expected) error ENOENT, no such file or directory '/var/folders/_w/m2hym3591sn2j_rpl4nhpdv00000gn/T/npm-1331265203769/1331265203769-0.025946585461497307/___package.npm'
verbose mkdir done: /var/folders/_w/m2hym3591sn2j_rpl4nhpdv00000gn/T/npm-1331265203769/1331265203769-0.025946585461497307/___package.npm 755
verbose unpack_ uid, gid [ undefined, undefined ]
verbose unpackTarget /var/folders/_w/m2hym3591sn2j_rpl4nhpdv00000gn/T/npm-1331265203769/1331265203769-0.025946585461497307/package
silly gunzTarPerm modes [ '755', '644' ]
silly afterUntar ok
silly asyncMap in gTP /var/folders/_w/m2hym3591sn2j_rpl4nhpdv00000gn/T/npm-1331265203769/1331265203769-0.025946585461497307/___package.npm/email-existence
silly asyncMap in gTP /var/folders/_w/m2hym3591sn2j_rpl4nhpdv00000gn/T/npm-1331265203769/1331265203769-0.025946585461497307/___package.npm/email-existence/package.json
silly asyncMap in gTP /var/folders/_w/m2hym3591sn2j_rpl4nhpdv00000gn/T/npm-1331265203769/1331265203769-0.025946585461497307/___package.npm/email-existence/README.md
silly asyncMap in gTP /var/folders/_w/m2hym3591sn2j_rpl4nhpdv00000gn/T/npm-1331265203769/1331265203769-0.025946585461497307/___package.npm/email-existence/lib
silly asyncMap in gTP /var/folders/_w/m2hym3591sn2j_rpl4nhpdv00000gn/T/npm-1331265203769/1331265203769-0.025946585461497307/___package.npm/email-existence/lib/index.js
verbose gunzed /var/folders/_w/m2hym3591sn2j_rpl4nhpdv00000gn/T/npm-1331265203769/1331265203769-0.025946585461497307/___package.npm/email-existence
verbose rm'ed /var/folders/_w/m2hym3591sn2j_rpl4nhpdv00000gn/T/npm-1331265203769/1331265203769-0.025946585461497307/package
verbose renamed [ '/var/folders/_w/m2hym3591sn2j_rpl4nhpdv00000gn/T/npm-1331265203769/1331265203769-0.025946585461497307/___package.npm/email-existence',
verbose renamed   '/var/folders/_w/m2hym3591sn2j_rpl4nhpdv00000gn/T/npm-1331265203769/1331265203769-0.025946585461497307/package' ]
verbose caching /var/folders/_w/m2hym3591sn2j_rpl4nhpdv00000gn/T/npm-1331265203769/1331265203769-0.025946585461497307/package/package.json
verbose loadDefaults email-existence@0.1.0
verbose tarball contents [ 'package', 'tmp.tgz' ]
verbose from cache /var/folders/_w/m2hym3591sn2j_rpl4nhpdv00000gn/T/npm-1331265203769/1331265203769-0.025946585461497307/package/package.json
verbose pack /var/folders/_w/m2hym3591sn2j_rpl4nhpdv00000gn/T/npm-1331265203769/1331265203769-0.025946585461497307/package
verbose pack /var/folders/_w/m2hym3591sn2j_rpl4nhpdv00000gn/T/npm-1331265203769/1331265203769-0.025946585461497307/package /Users/nmanousos/.npm/email-existence/0.1.0/package.tgz
silly makeList /var/folders/_w/m2hym3591sn2j_rpl4nhpdv00000gn/T/npm-1331265203769/1331265203769-0.025946585461497307/package
silly dir, dirLen [ '/var/folders/_w/m2hym3591sn2j_rpl4nhpdv00000gn/T/npm-1331265203769/1331265203769-0.025946585461497307/package',
silly dir, dirLen   110 ]
verbose tarball /Users/nmanousos/.npm/email-existence/0.1.0/package.tgz
verbose parent /var/folders/_w/m2hym3591sn2j_rpl4nhpdv00000gn/T/npm-1331265203769/1331265203769-0.025946585461497307/package
verbose mkdir (expected) error ENOENT, no such file or directory '/Users/nmanousos/.npm/email-existence/0.1.0/___package.npm'
verbose mkdir done: /Users/nmanousos/.npm/email-existence/0.1.0/___package.npm 755
verbose unpack_ uid, gid [ undefined, undefined ]
verbose unpackTarget /Users/nmanousos/.npm/email-existence/0.1.0/package
silly gunzTarPerm modes [ '755', '644' ]
silly afterUntar ok
silly asyncMap in gTP /Users/nmanousos/.npm/email-existence/0.1.0/___package.npm/package
silly asyncMap in gTP /Users/nmanousos/.npm/email-existence/0.1.0/___package.npm/package/package.json
silly asyncMap in gTP /Users/nmanousos/.npm/email-existence/0.1.0/___package.npm/package/README.md
silly asyncMap in gTP /Users/nmanousos/.npm/email-existence/0.1.0/___package.npm/package/lib
silly asyncMap in gTP /Users/nmanousos/.npm/email-existence/0.1.0/___package.npm/package/lib/index.js
verbose gunzed /Users/nmanousos/.npm/email-existence/0.1.0/___package.npm/package
verbose rm'ed /Users/nmanousos/.npm/email-existence/0.1.0/package
verbose renamed [ '/Users/nmanousos/.npm/email-existence/0.1.0/___package.npm/package',
verbose renamed   '/Users/nmanousos/.npm/email-existence/0.1.0/package' ]
verbose caching /Users/nmanousos/.npm/email-existence/0.1.0/package/package.json
verbose loadDefaults email-existence@0.1.0
silly updated sha bytes 1244
info shasum c0157c1fce8f525d7315a0249ff49fa5d5897739
info shasum /Users/nmanousos/.npm/email-existence/0.1.0/package.tgz
verbose from cache /Users/nmanousos/.npm/email-existence/0.1.0/package/package.json
verbose chmod /Users/nmanousos/.npm/email-existence/0.1.0/package.tgz 644
verbose chown [ '/Users/nmanousos/.npm/email-existence/0.1.0/package.tgz',
verbose chown   501,
verbose chown   20 ]
silly publish { author: { name: 'Nicholas Manousos', email: 'nmanousos@gmail.com' },
silly publish   name: 'email-existence',
silly publish   description: 'Checks existence of email addresses',
silly publish   keywords: [ 'email', 'existence', 'validation', 'validator' ],
silly publish   version: '0.1.0',
silly publish   repository: 
silly publish    { type: 'git',
silly publish      url: 'git://github.com/nmanousos/email-existence.git' },
silly publish   bugs: { url: 'http://github.com/nmanousos/email-existence/issues' },
silly publish   main: './lib',
silly publish   dependencies: {},
silly publish   devDependencies: {},
silly publish   optionalDependencies: {},
silly publish   engines: { node: '*' },
silly publish   _npmUser: { name: 'nmanousos', email: 'nmanousos@gmail.com' },
silly publish   _id: 'email-existence@0.1.0',
silly publish   _engineSupported: true,
silly publish   _npmVersion: '1.1.4',
silly publish   _nodeVersion: 'v0.6.12',
silly publish   _defaultsLoaded: true,
silly publish   dist: 
silly publish    { shasum: 'c0157c1fce8f525d7315a0249ff49fa5d5897739',
silly publish      tarball: 'http://registry.npmjs.org/email-existence/-/email-existence-0.1.0.tgz' } }
verbose raw, before any munging email-existence
verbose url resolving [ 'https://registry.npmjs.org/', './email-existence' ]
verbose url resolved https://registry.npmjs.org/email-existence
http PUT https://registry.npmjs.org/email-existence
http 409 https://registry.npmjs.org/email-existence
verbose raw, before any munging email-existence
verbose url resolving [ 'https://registry.npmjs.org/', './email-existence' ]
verbose url resolved https://registry.npmjs.org/email-existence
http GET https://registry.npmjs.org/email-existence
http 200 https://registry.npmjs.org/email-existence
info Already published email-existence@0.1.0
verbose uploading bin dists []
ERR! publish fail Cannot publish over existing version.
ERR! publish fail Bump the 'version' field, set the --force flag, or
ERR! publish fail     npm unpublish 'email-existence@0.1.0'
ERR! publish fail and try again
ERR! 
ERR! System Darwin 11.3.0
ERR! command "node" "/Users/nmanousos/.nvm/v0.6.12/bin/npm" "publish"
ERR! cwd /Users/nmanousos/Documents/email-existence
ERR! node -v v0.6.12
ERR! npm -v 1.1.4
ERR! code EPUBLISHCONFLICT
ERR! message publish fail
ERR! errno {}
verbose exit [ 1, true ]
